<?xml version="1.0" encoding="UTF-8"?>
<!-- Generated by org.testng.reporters.JUnitReportReporter -->
<testsuite skipped="0" hostname="DESKTOP-36R32J1" name="Para.FirefoxVhecking" tests="1" failures="0" timestamp="2022-09-21T20:45:49 IST" time="0.007" errors="0">
  <testcase name="verfyTitlr" time="0.007" classname="Para.FirefoxVhecking"/>
  <system-out/>
</testsuite> <!-- Para.FirefoxVhecking -->
